20 Jun 2024 10:05:47,597 TRACE persistence.hibernate.GameHibernateRepository 31 findAll - Enter findAll games
20 Jun 2024 10:05:52,254 TRACE persistence.hibernate.PlayerHibernateRepository 52 login - Enter login player Player{id=null, alias='Ioana'}
20 Jun 2024 10:05:52,368 TRACE persistence.hibernate.GameHibernateRepository 31 findAll - Enter findAll games
20 Jun 2024 10:05:59,663 TRACE persistence.hibernate.PlayerHibernateRepository 52 login - Enter login player Player{id=null, alias='Mihai'}
20 Jun 2024 10:05:59,769 TRACE persistence.hibernate.GameHibernateRepository 31 findAll - Enter findAll games
20 Jun 2024 10:06:21,973 TRACE persistence.hibernate.GameHibernateRepository 43 save - Enter save game Game{id=null, player=Player{id=1, alias='Ion'}, points=20, duration=34, traps=[Position{row=4, col=0}, Position{row=1, col=1}, Position{row=4, col=2}, Position{row=3, col=3}, Position{row=3, col=4}, Position{row=2, col=0}], positions=[Position{row=1, col=0}, Position{row=2, col=1}, Position{row=0, col=2}, Position{row=2, col=3}, Position{row=3, col=4}]}
20 Jun 2024 10:06:22,026 TRACE persistence.hibernate.GameHibernateRepository 50 save - Exit saved game Game{id=4, player=Player{id=1, alias='Ion'}, points=20, duration=34, traps=[Position{row=4, col=0}, Position{row=1, col=1}, Position{row=4, col=2}, Position{row=3, col=3}, Position{row=3, col=4}, Position{row=2, col=0}], positions=[Position{row=1, col=0}, Position{row=2, col=1}, Position{row=0, col=2}, Position{row=2, col=3}, Position{row=3, col=4}]}
20 Jun 2024 10:06:22,028 TRACE persistence.hibernate.GameHibernateRepository 31 findAll - Enter findAll games
20 Jun 2024 10:06:22,028 TRACE persistence.hibernate.GameHibernateRepository 31 findAll - Enter findAll games
20 Jun 2024 10:06:22,141 TRACE persistence.hibernate.GameHibernateRepository 31 findAll - Enter findAll games
20 Jun 2024 10:06:26,769 TRACE persistence.hibernate.GameHibernateRepository 43 save - Enter save game Game{id=null, player=Player{id=3, alias='Mihai'}, points=2, duration=27, traps=[Position{row=4, col=0}, Position{row=2, col=1}, Position{row=2, col=2}, Position{row=3, col=3}, Position{row=0, col=4}, Position{row=4, col=4}], positions=[Position{row=0, col=0}, Position{row=2, col=1}]}
20 Jun 2024 10:06:26,794 TRACE persistence.hibernate.GameHibernateRepository 50 save - Exit saved game Game{id=5, player=Player{id=3, alias='Mihai'}, points=2, duration=27, traps=[Position{row=4, col=0}, Position{row=2, col=1}, Position{row=2, col=2}, Position{row=3, col=3}, Position{row=0, col=4}, Position{row=4, col=4}], positions=[Position{row=0, col=0}, Position{row=2, col=1}]}
20 Jun 2024 10:06:26,795 TRACE persistence.hibernate.GameHibernateRepository 31 findAll - Enter findAll games
20 Jun 2024 10:06:26,795 TRACE persistence.hibernate.GameHibernateRepository 31 findAll - Enter findAll games
20 Jun 2024 10:06:26,902 TRACE persistence.hibernate.GameHibernateRepository 31 findAll - Enter findAll games
20 Jun 2024 10:06:30,496 TRACE persistence.hibernate.GameHibernateRepository 43 save - Enter save game Game{id=null, player=Player{id=2, alias='Ioana'}, points=12, duration=38, traps=[Position{row=3, col=0}, Position{row=2, col=1}, Position{row=3, col=2}, Position{row=1, col=3}, Position{row=4, col=4}, Position{row=2, col=4}], positions=[Position{row=1, col=0}, Position{row=1, col=1}, Position{row=1, col=2}, Position{row=1, col=3}]}
20 Jun 2024 10:06:30,523 TRACE persistence.hibernate.GameHibernateRepository 50 save - Exit saved game Game{id=6, player=Player{id=2, alias='Ioana'}, points=12, duration=38, traps=[Position{row=3, col=0}, Position{row=2, col=1}, Position{row=3, col=2}, Position{row=1, col=3}, Position{row=4, col=4}, Position{row=2, col=4}], positions=[Position{row=1, col=0}, Position{row=1, col=1}, Position{row=1, col=2}, Position{row=1, col=3}]}
20 Jun 2024 10:06:30,524 TRACE persistence.hibernate.GameHibernateRepository 31 findAll - Enter findAll games
20 Jun 2024 10:06:30,524 TRACE persistence.hibernate.GameHibernateRepository 31 findAll - Enter findAll games
20 Jun 2024 10:06:30,627 TRACE persistence.hibernate.GameHibernateRepository 31 findAll - Enter findAll games
20 Jun 2024 10:06:42,199 TRACE persistence.hibernate.PlayerHibernateRepository 52 login - Enter login player Player{id=null, alias='Ion'}
20 Jun 2024 10:06:42,304 TRACE persistence.hibernate.GameHibernateRepository 31 findAll - Enter findAll games
20 Jun 2024 10:06:44,951 TRACE persistence.hibernate.PlayerHibernateRepository 52 login - Enter login player Player{id=null, alias='Ioana'}
20 Jun 2024 10:06:45,068 TRACE persistence.hibernate.GameHibernateRepository 31 findAll - Enter findAll games
20 Jun 2024 10:06:55,217 TRACE persistence.hibernate.GameHibernateRepository 43 save - Enter save game Game{id=null, player=Player{id=1, alias='Ion'}, points=30, duration=13, traps=[Position{row=4, col=0}, Position{row=3, col=1}, Position{row=1, col=2}, Position{row=2, col=3}, Position{row=4, col=4}, Position{row=0, col=4}], positions=[Position{row=1, col=0}, Position{row=0, col=1}, Position{row=2, col=2}, Position{row=3, col=3}, Position{row=1, col=4}]}
20 Jun 2024 10:06:55,239 TRACE persistence.hibernate.GameHibernateRepository 50 save - Exit saved game Game{id=7, player=Player{id=1, alias='Ion'}, points=30, duration=13, traps=[Position{row=4, col=0}, Position{row=3, col=1}, Position{row=1, col=2}, Position{row=2, col=3}, Position{row=4, col=4}, Position{row=0, col=4}], positions=[Position{row=1, col=0}, Position{row=0, col=1}, Position{row=2, col=2}, Position{row=3, col=3}, Position{row=1, col=4}]}
20 Jun 2024 10:06:55,240 TRACE persistence.hibernate.GameHibernateRepository 31 findAll - Enter findAll games
20 Jun 2024 10:06:55,351 TRACE persistence.hibernate.GameHibernateRepository 31 findAll - Enter findAll games
20 Jun 2024 10:07:04,425 TRACE persistence.hibernate.GameHibernateRepository 43 save - Enter save game Game{id=null, player=Player{id=2, alias='Ioana'}, points=0, duration=19, traps=[Position{row=1, col=0}, Position{row=4, col=1}, Position{row=2, col=2}, Position{row=4, col=3}, Position{row=4, col=4}, Position{row=2, col=1}], positions=[Position{row=1, col=0}]}
20 Jun 2024 10:07:04,443 TRACE persistence.hibernate.GameHibernateRepository 50 save - Exit saved game Game{id=8, player=Player{id=2, alias='Ioana'}, points=0, duration=19, traps=[Position{row=1, col=0}, Position{row=4, col=1}, Position{row=2, col=2}, Position{row=4, col=3}, Position{row=4, col=4}, Position{row=2, col=1}], positions=[Position{row=1, col=0}]}
20 Jun 2024 10:07:04,546 TRACE persistence.hibernate.GameHibernateRepository 31 findAll - Enter findAll games
20 Jun 2024 10:35:45,561 TRACE persistence.hibernate.PlayerHibernateRepository 52 login - Enter login player Player{id=null, alias='Ion'}
20 Jun 2024 10:35:45,580 DEBUG org.jboss.logging.LoggerProviders 152 logProvider - Logging Provider: org.jboss.logging.Log4j2LoggerProvider
20 Jun 2024 10:35:45,808 WARN  org.hibernate.engine.jdbc.connections.internal.DriverManagerConnectionProviderImpl 81 configure - HHH10001002: Using built-in connection pool (not intended for production use)
20 Jun 2024 10:35:47,544 TRACE persistence.hibernate.GameHibernateRepository 31 findAll - Enter findAll games
20 Jun 2024 10:35:53,001 TRACE persistence.hibernate.GameHibernateRepository 43 save - Enter save game Game{id=null, player=Player{id=1, alias='Ion'}, points=30, duration=5, traps=[Position{row=2, col=0}, Position{row=3, col=1}, Position{row=3, col=2}, Position{row=1, col=3}, Position{row=2, col=4}, Position{row=4, col=0}], positions=[Position{row=0, col=0}, Position{row=1, col=1}, Position{row=0, col=2}, Position{row=2, col=3}, Position{row=1, col=4}]}
20 Jun 2024 10:35:53,071 TRACE persistence.hibernate.GameHibernateRepository 50 save - Exit saved game Game{id=10, player=Player{id=1, alias='Ion'}, points=30, duration=5, traps=[Position{row=2, col=0}, Position{row=3, col=1}, Position{row=3, col=2}, Position{row=1, col=3}, Position{row=2, col=4}, Position{row=4, col=0}], positions=[Position{row=0, col=0}, Position{row=1, col=1}, Position{row=0, col=2}, Position{row=2, col=3}, Position{row=1, col=4}]}
20 Jun 2024 10:35:53,179 TRACE persistence.hibernate.GameHibernateRepository 31 findAll - Enter findAll games
20 Jun 2024 12:02:51,213 TRACE persistence.hibernate.PlayerHibernateRepository 52 login - Enter login player Player{id=null, alias='Ion'}
20 Jun 2024 12:02:51,238 DEBUG org.jboss.logging.LoggerProviders 152 logProvider - Logging Provider: org.jboss.logging.Log4j2LoggerProvider
20 Jun 2024 12:02:51,554 WARN  org.hibernate.engine.jdbc.connections.internal.DriverManagerConnectionProviderImpl 81 configure - HHH10001002: Using built-in connection pool (not intended for production use)
20 Jun 2024 12:02:53,529 TRACE persistence.hibernate.GameHibernateRepository 31 findAll - Enter findAll games
20 Jun 2024 12:02:57,640 TRACE persistence.hibernate.PlayerHibernateRepository 52 login - Enter login player Player{id=null, alias='Ioana'}
20 Jun 2024 12:02:57,751 TRACE persistence.hibernate.GameHibernateRepository 31 findAll - Enter findAll games
20 Jun 2024 12:03:05,008 TRACE persistence.hibernate.GameHibernateRepository 43 save - Enter save game Game{id=null, player=Player{id=2, alias='Ioana'}, points=0, duration=7, traps=[Position{row=1, col=0}, Position{row=3, col=1}, Position{row=4, col=2}, Position{row=2, col=3}, Position{row=3, col=4}, Position{row=0, col=0}], positions=[Position{row=0, col=0}]}
20 Jun 2024 12:03:05,058 TRACE persistence.hibernate.GameHibernateRepository 50 save - Exit saved game Game{id=11, player=Player{id=2, alias='Ioana'}, points=0, duration=7, traps=[Position{row=1, col=0}, Position{row=3, col=1}, Position{row=4, col=2}, Position{row=2, col=3}, Position{row=3, col=4}, Position{row=0, col=0}], positions=[Position{row=0, col=0}]}
20 Jun 2024 12:03:05,060 TRACE persistence.hibernate.GameHibernateRepository 31 findAll - Enter findAll games
20 Jun 2024 12:03:05,174 TRACE persistence.hibernate.GameHibernateRepository 31 findAll - Enter findAll games
20 Jun 2024 12:03:08,089 TRACE persistence.hibernate.GameHibernateRepository 43 save - Enter save game Game{id=null, player=Player{id=1, alias='Ion'}, points=2, duration=15, traps=[Position{row=4, col=0}, Position{row=1, col=1}, Position{row=0, col=2}, Position{row=4, col=3}, Position{row=1, col=4}, Position{row=4, col=1}], positions=[Position{row=0, col=0}, Position{row=1, col=1}]}
20 Jun 2024 12:03:08,116 TRACE persistence.hibernate.GameHibernateRepository 50 save - Exit saved game Game{id=12, player=Player{id=1, alias='Ion'}, points=2, duration=15, traps=[Position{row=4, col=0}, Position{row=1, col=1}, Position{row=0, col=2}, Position{row=4, col=3}, Position{row=1, col=4}, Position{row=4, col=1}], positions=[Position{row=0, col=0}, Position{row=1, col=1}]}
20 Jun 2024 12:03:08,117 TRACE persistence.hibernate.GameHibernateRepository 31 findAll - Enter findAll games
20 Jun 2024 12:03:08,218 TRACE persistence.hibernate.GameHibernateRepository 31 findAll - Enter findAll games
20 Jun 2024 12:03:20,995 TRACE persistence.hibernate.PlayerHibernateRepository 52 login - Enter login player Player{id=null, alias='Mihai'}
20 Jun 2024 12:03:21,109 TRACE persistence.hibernate.GameHibernateRepository 31 findAll - Enter findAll games
20 Jun 2024 12:03:30,481 TRACE persistence.hibernate.GameHibernateRepository 43 save - Enter save game Game{id=null, player=Player{id=3, alias='Mihai'}, points=12, duration=9, traps=[Position{row=1, col=0}, Position{row=0, col=1}, Position{row=1, col=2}, Position{row=2, col=3}, Position{row=3, col=4}, Position{row=1, col=3}], positions=[Position{row=0, col=0}, Position{row=1, col=1}, Position{row=0, col=2}, Position{row=1, col=3}]}
20 Jun 2024 12:03:30,492 TRACE persistence.hibernate.GameHibernateRepository 50 save - Exit saved game Game{id=13, player=Player{id=3, alias='Mihai'}, points=12, duration=9, traps=[Position{row=1, col=0}, Position{row=0, col=1}, Position{row=1, col=2}, Position{row=2, col=3}, Position{row=3, col=4}, Position{row=1, col=3}], positions=[Position{row=0, col=0}, Position{row=1, col=1}, Position{row=0, col=2}, Position{row=1, col=3}]}
20 Jun 2024 12:03:30,493 TRACE persistence.hibernate.GameHibernateRepository 31 findAll - Enter findAll games
20 Jun 2024 12:03:30,602 TRACE persistence.hibernate.GameHibernateRepository 31 findAll - Enter findAll games
08 Jan 2025 15:54:22,791 TRACE persistence.hibernate.PlayerHibernateRepository 52 login - Enter login player Player{id=null, alias='Daniel'}
08 Jan 2025 15:54:22,810 DEBUG org.jboss.logging.LoggerProviders 152 logProvider - Logging Provider: org.jboss.logging.Log4j2LoggerProvider
08 Jan 2025 15:54:23,058 WARN  org.hibernate.engine.jdbc.connections.internal.DriverManagerConnectionProviderImpl 81 configure - HHH10001002: Using built-in connection pool (not intended for production use)
08 Jan 2025 15:54:42,576 TRACE persistence.hibernate.PlayerHibernateRepository 52 login - Enter login player Player{id=null, alias='Ion'}
08 Jan 2025 15:54:42,692 TRACE persistence.hibernate.GameHibernateRepository 31 findAll - Enter findAll games
08 Jan 2025 15:54:50,619 TRACE persistence.hibernate.GameHibernateRepository 43 save - Enter save game Game{id=null, player=Player{id=1, alias='Ion'}, points=20, duration=8, traps=[Position{row=1, col=0}, Position{row=0, col=1}, Position{row=0, col=2}, Position{row=4, col=3}, Position{row=1, col=4}, Position{row=2, col=4}], positions=[Position{row=0, col=0}, Position{row=3, col=1}, Position{row=2, col=2}, Position{row=1, col=3}, Position{row=2, col=4}]}
08 Jan 2025 15:54:50,660 TRACE persistence.hibernate.GameHibernateRepository 50 save - Exit saved game Game{id=14, player=Player{id=1, alias='Ion'}, points=20, duration=8, traps=[Position{row=1, col=0}, Position{row=0, col=1}, Position{row=0, col=2}, Position{row=4, col=3}, Position{row=1, col=4}, Position{row=2, col=4}], positions=[Position{row=0, col=0}, Position{row=3, col=1}, Position{row=2, col=2}, Position{row=1, col=3}, Position{row=2, col=4}]}
08 Jan 2025 15:54:50,771 TRACE persistence.hibernate.GameHibernateRepository 31 findAll - Enter findAll games
